[0.039] Ignoring invalid config line: 'BEGIN_KITTY_THEME'
[0.039] Ignoring invalid config line: 'END_KITTY_THEME'
[0,487] Failed to enable transparency. This happens when your desktop environment does not support compositing.
[0,546] [glfw error 65544]: process_desktop_settings: failed with error: org.freedesktop.DBus.Error.UnknownMethod: L’interface « org.freedesktop.portal.Settings » n’existe pas pour l’objet à l’emplacement /org/freedesktop/portal/desktop
[0.039] Ignoring invalid config line: 'BEGIN_KITTY_THEME'
[0.040] Ignoring invalid config line: 'END_KITTY_THEME'
[0,509] Failed to enable transparency. This happens when your desktop environment does not support compositing.
[0,583] [glfw error 65544]: process_desktop_settings: failed with error: org.freedesktop.DBus.Error.UnknownMethod: L’interface « org.freedesktop.portal.Settings » n’existe pas pour l’objet à l’emplacement /org/freedesktop/portal/desktop
[25,024] The application is trying to use xterm's modifyOtherKeys. This is superseded by the kitty keyboard protocol https://sw.kovidgoyal.net/kitty/keyboard-protocol. The application should be updated to use that.
[25,029] [PARSE ERROR] Unsupported screen mode:  9001 (private)
[0.040] Ignoring invalid config line: 'BEGIN_KITTY_THEME'
[0.041] Ignoring invalid config line: 'END_KITTY_THEME'
[0,510] Failed to enable transparency. This happens when your desktop environment does not support compositing.
[0,539] [glfw error 65544]: process_desktop_settings: failed with error: org.freedesktop.DBus.Error.UnknownMethod: L’interface « org.freedesktop.portal.Settings » n’existe pas pour l’objet à l’emplacement /org/freedesktop/portal/desktop
X connection to :0 broken (explicit kill or server shutdown).
X connection to :0 broken (explicit kill or server shutdown).
X connection to :0 broken (explicit kill or server shutdown).
[0.044] Ignoring invalid config line: 'BEGIN_KITTY_THEME'
[0.046] Ignoring invalid config line: 'END_KITTY_THEME'
[0,555] [glfw error 65544]: process_desktop_settings: failed with error: org.freedesktop.DBus.Error.UnknownMethod: L’interface « org.freedesktop.portal.Settings » n’existe pas pour l’objet à l’emplacement /org/freedesktop/portal/desktop
[0.043] Ignoring invalid config line: 'BEGIN_KITTY_THEME'
[0.044] Ignoring invalid config line: 'END_KITTY_THEME'
[0,582] [glfw error 65544]: process_desktop_settings: failed with error: org.freedesktop.DBus.Error.UnknownMethod: L’interface « org.freedesktop.portal.Settings » n’existe pas pour l’objet à l’emplacement /org/freedesktop/portal/desktop
